<?xml version="1.0" encoding="UTF-8"?>
<testsuite xmlns:xsi="http://www.w3.org/2001/XMLSchema-instance" xsi:noNamespaceSchemaLocation="https://maven.apache.org/surefire/maven-surefire-plugin/xsd/surefire-test-report.xsd" version="3.0.2" name="general.UserBookControllerE2ETest" time="2.557" tests="1" errors="0" skipped="0" failures="0">
  <properties>
[...]
</properties>
  <testcase name="testGetAllBooks" classname="general.UserBookControllerE2ETest" time="0.587">
    <system-out><![CDATA[
  .   ____          _            __ _ _
 /\\ / ___'_ __ _ _(_)_ __  __ _ \ \ \ \
( ( )\___ | '_ | '_| | '_ \/ _` | \ \ \ \
 \\/  ___)| |_)| | | | | || (_| |  ) ) ) )
  '  |____| .__|_| |_|_| |_\__, | / / / /
 =========|_|==============|___/=/_/_/_/

 :: Spring Boot ::                (v3.4.2)

2025-03-23T19:28:00.234+03:00  INFO 16904 --- [mts 2_sem] [           main] general.UserBookControllerE2ETest        : Starting UserBookControllerE2ETest using Java 21.0.6 with PID 16904 (started by User in C:\Users\User\IdeaProjects\mts 2_sem)
2025-03-23T19:28:00.236+03:00  INFO 16904 --- [mts 2_sem] [           main] general.UserBookControllerE2ETest        : The following 1 profile is active: "test"
2025-03-23T19:28:00.545+03:00  INFO 16904 --- [mts 2_sem] [           main] .s.d.r.c.RepositoryConfigurationDelegate : Bootstrapping Spring Data JPA repositories in DEFAULT mode.
2025-03-23T19:28:00.567+03:00  INFO 16904 --- [mts 2_sem] [           main] .s.d.r.c.RepositoryConfigurationDelegate : Finished Spring Data repository scanning in 19 ms. Found 3 JPA repository interfaces.
2025-03-23T19:28:00.863+03:00  INFO 16904 --- [mts 2_sem] [           main] o.s.b.w.embedded.tomcat.TomcatWebServer  : Tomcat initialized with port 0 (http)
2025-03-23T19:28:00.882+03:00  INFO 16904 --- [mts 2_sem] [           main] o.apache.catalina.core.StandardService   : Starting service [Tomcat]
2025-03-23T19:28:00.883+03:00  INFO 16904 --- [mts 2_sem] [           main] o.apache.catalina.core.StandardEngine    : Starting Servlet engine: [Apache Tomcat/10.1.34]
2025-03-23T19:28:00.989+03:00  INFO 16904 --- [mts 2_sem] [           main] o.a.c.c.C.[Tomcat].[localhost].[/]       : Initializing Spring embedded WebApplicationContext
2025-03-23T19:28:00.990+03:00  INFO 16904 --- [mts 2_sem] [           main] w.s.c.ServletWebServerApplicationContext : Root WebApplicationContext: initialization completed in 751 ms
2025-03-23T19:28:01.148+03:00  INFO 16904 --- [mts 2_sem] [           main] o.hibernate.jpa.internal.util.LogHelper  : HHH000204: Processing PersistenceUnitInfo [name: default]
2025-03-23T19:28:01.152+03:00  INFO 16904 --- [mts 2_sem] [           main] o.h.c.internal.RegionFactoryInitiator    : HHH000026: Second-level cache disabled
2025-03-23T19:28:01.163+03:00  INFO 16904 --- [mts 2_sem] [           main] o.s.o.j.p.SpringPersistenceUnitInfo      : No LoadTimeWeaver setup: ignoring JPA class transformer
2025-03-23T19:28:01.164+03:00  INFO 16904 --- [mts 2_sem] [           main] com.zaxxer.hikari.HikariDataSource       : HikariPool-3 - Starting...
2025-03-23T19:28:01.165+03:00  INFO 16904 --- [mts 2_sem] [           main] com.zaxxer.hikari.pool.HikariPool        : HikariPool-3 - Added connection conn20: url=jdbc:h2:mem:testdb user=SA
2025-03-23T19:28:01.166+03:00  INFO 16904 --- [mts 2_sem] [           main] com.zaxxer.hikari.HikariDataSource       : HikariPool-3 - Start completed.
2025-03-23T19:28:01.166+03:00  WARN 16904 --- [mts 2_sem] [           main] org.hibernate.orm.deprecation            : HHH90000025: H2Dialect does not need to be specified explicitly using 'hibernate.dialect' (remove the property setting and it will be selected by default)
2025-03-23T19:28:01.166+03:00  INFO 16904 --- [mts 2_sem] [           main] org.hibernate.orm.connections.pooling    : HHH10001005: Database info:
	Database JDBC URL [Connecting through datasource 'HikariDataSource (HikariPool-3)']
	Database driver: undefined/unknown
	Database version: 2.3.232
	Autocommit mode: undefined/unknown
	Isolation level: undefined/unknown
	Minimum pool size: undefined/unknown
	Maximum pool size: undefined/unknown
2025-03-23T19:28:01.254+03:00  INFO 16904 --- [mts 2_sem] [           main] o.h.e.t.j.p.i.JtaPlatformInitiator       : HHH000489: No JTA platform available (set 'hibernate.transaction.jta.platform' to enable JTA platform integration)
2025-03-23T19:28:01.256+03:00  INFO 16904 --- [mts 2_sem] [           main] j.LocalContainerEntityManagerFactoryBean : Initialized JPA EntityManagerFactory for persistence unit 'default'
2025-03-23T19:28:01.496+03:00  WARN 16904 --- [mts 2_sem] [           main] JpaBaseConfiguration$JpaWebConfiguration : spring.jpa.open-in-view is enabled by default. Therefore, database queries may be performed during view rendering. Explicitly configure spring.jpa.open-in-view to disable this warning
2025-03-23T19:28:01.541+03:00  INFO 16904 --- [mts 2_sem] [           main] r$InitializeUserDetailsManagerConfigurer : Global AuthenticationManager configured with UserDetailsService bean with name inMemoryUserDetailsManager
2025-03-23T19:28:01.764+03:00  INFO 16904 --- [mts 2_sem] [           main] o.s.b.a.e.web.EndpointLinksResolver      : Exposing 14 endpoints beneath base path '/admin'
2025-03-23T19:28:02.104+03:00  INFO 16904 --- [mts 2_sem] [           main] o.s.b.w.embedded.tomcat.TomcatWebServer  : Tomcat started on port 61058 (http) with context path '/'
2025-03-23T19:28:02.109+03:00  INFO 16904 --- [mts 2_sem] [           main] general.UserBookControllerE2ETest        : Started UserBookControllerE2ETest in 1.949 seconds (process running for 20.265)
2025-03-23T19:28:02.602+03:00  INFO 16904 --- [mts 2_sem] [o-auto-1-exec-1] o.a.c.c.C.[Tomcat].[localhost].[/]       : Initializing Spring DispatcherServlet 'dispatcherServlet'
2025-03-23T19:28:02.602+03:00  INFO 16904 --- [mts 2_sem] [o-auto-1-exec-1] o.s.web.servlet.DispatcherServlet        : Initializing Servlet 'dispatcherServlet'
2025-03-23T19:28:02.603+03:00  INFO 16904 --- [mts 2_sem] [o-auto-1-exec-1] o.s.web.servlet.DispatcherServlet        : Completed initialization in 1 ms
]]></system-out>
  </testcase>
</testsuite>