<?xml version="1.0" encoding="UTF-8"?>
<testsuite xmlns:xsi="http://www.w3.org/2001/XMLSchema-instance" xsi:noNamespaceSchemaLocation="https://maven.apache.org/surefire/maven-surefire-plugin/xsd/surefire-test-report.xsd" version="3.0.2" name="model.UserBookControllerTest" time="1.249" tests="3" errors="0" skipped="0" failures="0">
  <properties>
[...]
</properties>
  <testcase name="testGetAllBooks" classname="model.UserBookControllerTest" time="0.22">
    <system-out><![CDATA[2025-03-02T17:17:01.839+03:00  INFO 17448 --- [mts 2_sem] [           main] o.s.b.d.r.RestartApplicationListener     : Restart disabled due to context in which it is running

  .   ____          _            __ _ _
 /\\ / ___'_ __ _ _(_)_ __  __ _ \ \ \ \
( ( )\___ | '_ | '_| | '_ \/ _` | \ \ \ \
 \\/  ___)| |_)| | | | | || (_| |  ) ) ) )
  '  |____| .__|_| |_|_| |_\__, | / / / /
 =========|_|==============|___/=/_/_/_/

 :: Spring Boot ::                (v3.4.2)

2025-03-02T17:17:01.878+03:00  INFO 17448 --- [mts 2_sem] [           main] model.UserBookControllerTest             : Starting UserBookControllerTest using Java 21.0.6 with PID 17448 (started by User in C:\Users\User\IdeaProjects\mts 2_sem)
2025-03-02T17:17:01.878+03:00  INFO 17448 --- [mts 2_sem] [           main] model.UserBookControllerTest             : No active profile set, falling back to 1 default profile: "default"
2025-03-02T17:17:02.334+03:00  INFO 17448 --- [mts 2_sem] [           main] r$InitializeUserDetailsManagerConfigurer : Global AuthenticationManager configured with UserDetailsService bean with name inMemoryUserDetailsManager
2025-03-02T17:17:02.606+03:00  INFO 17448 --- [mts 2_sem] [           main] o.s.b.t.m.w.SpringBootMockServletContext : Initializing Spring TestDispatcherServlet ''
2025-03-02T17:17:02.606+03:00  INFO 17448 --- [mts 2_sem] [           main] o.s.t.web.servlet.TestDispatcherServlet  : Initializing Servlet ''
2025-03-02T17:17:02.607+03:00  INFO 17448 --- [mts 2_sem] [           main] o.s.t.web.servlet.TestDispatcherServlet  : Completed initialization in 1 ms
2025-03-02T17:17:02.645+03:00  INFO 17448 --- [mts 2_sem] [           main] model.UserBookControllerTest             : Started UserBookControllerTest in 0.806 seconds (process running for 12.094)
JWT Token: Bearer your_jwt_token
]]></system-out>
  </testcase>
  <testcase name="testGetBookById_Positive" classname="model.UserBookControllerTest" time="0.133">
    <system-out><![CDATA[JWT Token: Bearer your_jwt_token
]]></system-out>
  </testcase>
  <testcase name="testGetBookById_Negative" classname="model.UserBookControllerTest" time="0.01">
    <system-out><![CDATA[JWT Token: Bearer your_jwt_token
]]></system-out>
  </testcase>
</testsuite>